FILE_TYPE=LIBRARY_PARTS;
PRIMITIVE 'ST0147_00_011_A','ST0147_00_011_A_Antennas Chip';
  PIN
    'FEED':
      PIN_NUMBER='(1)';
      NO_LOAD_CHECK=BOTH;
      NO_IO_CHECK=BOTH;
      ALLOW_CONNECT=TRUE;
      PINUSE='INPUT';
    'NC':
      PIN_NUMBER='(2)';
      NO_LOAD_CHECK=BOTH;
      NO_IO_CHECK=BOTH;
      ALLOW_CONNECT=TRUE;
      PINUSE='NC';
  END_PIN;
  BODY
    PART_NAME='ST0147_00_011_A';
    PHYS_DES_PREFIX='ANT';
    NO_LOAD_CHECK='TRUE';
    PIN_COUNT='2';
    BODY_NAME='ST0147_00_011_A';
    JEDEC_TYPE='ANTC3016X55N';
  END_BODY;
END_PRIMITIVE;
END.
